16-Apr-2018 10:09:38.385 信息 [main] org.apache.catalina.startup.VersionLoggerListener.log Server version:        Apache Tomcat/8.5.30
16-Apr-2018 10:09:38.491 信息 [main] org.apache.catalina.startup.VersionLoggerListener.log Server built:          Apr 3 2018 20:04:09 UTC
16-Apr-2018 10:09:38.502 信息 [main] org.apache.catalina.startup.VersionLoggerListener.log Server number:         8.5.30.0
16-Apr-2018 10:09:38.502 信息 [main] org.apache.catalina.startup.VersionLoggerListener.log OS Name:               Windows 10
16-Apr-2018 10:09:38.503 信息 [main] org.apache.catalina.startup.VersionLoggerListener.log OS Version:            10.0
16-Apr-2018 10:09:38.503 信息 [main] org.apache.catalina.startup.VersionLoggerListener.log Architecture:          amd64
16-Apr-2018 10:09:38.503 信息 [main] org.apache.catalina.startup.VersionLoggerListener.log Java Home:             C:\Java\jdk1.8.0_131\jre
16-Apr-2018 10:09:38.503 信息 [main] org.apache.catalina.startup.VersionLoggerListener.log JVM Version:           1.8.0_131-b11
16-Apr-2018 10:09:38.504 信息 [main] org.apache.catalina.startup.VersionLoggerListener.log JVM Vendor:            Oracle Corporation
16-Apr-2018 10:09:38.504 信息 [main] org.apache.catalina.startup.VersionLoggerListener.log CATALINA_BASE:         E:\east_good\apache-tomcat-8.5.30-solr
16-Apr-2018 10:09:38.504 信息 [main] org.apache.catalina.startup.VersionLoggerListener.log CATALINA_HOME:         E:\east_good\apache-tomcat-8.5.30-solr
16-Apr-2018 10:09:38.504 信息 [main] org.apache.catalina.startup.VersionLoggerListener.log Command line argument: -Djava.util.logging.config.file=E:\east_good\apache-tomcat-8.5.30-solr\conf\logging.properties
16-Apr-2018 10:09:38.505 信息 [main] org.apache.catalina.startup.VersionLoggerListener.log Command line argument: -Djava.util.logging.manager=org.apache.juli.ClassLoaderLogManager
16-Apr-2018 10:09:38.505 信息 [main] org.apache.catalina.startup.VersionLoggerListener.log Command line argument: -Djdk.tls.ephemeralDHKeySize=2048
16-Apr-2018 10:09:38.505 信息 [main] org.apache.catalina.startup.VersionLoggerListener.log Command line argument: -Djava.protocol.handler.pkgs=org.apache.catalina.webresources
16-Apr-2018 10:09:38.505 信息 [main] org.apache.catalina.startup.VersionLoggerListener.log Command line argument: -Dignore.endorsed.dirs=
16-Apr-2018 10:09:38.506 信息 [main] org.apache.catalina.startup.VersionLoggerListener.log Command line argument: -Dcatalina.base=E:\east_good\apache-tomcat-8.5.30-solr
16-Apr-2018 10:09:38.507 信息 [main] org.apache.catalina.startup.VersionLoggerListener.log Command line argument: -Dcatalina.home=E:\east_good\apache-tomcat-8.5.30-solr
16-Apr-2018 10:09:38.507 信息 [main] org.apache.catalina.startup.VersionLoggerListener.log Command line argument: -Djava.io.tmpdir=E:\east_good\apache-tomcat-8.5.30-solr\temp
16-Apr-2018 10:09:38.508 信息 [main] org.apache.catalina.core.AprLifecycleListener.lifecycleEvent The APR based Apache Tomcat Native library which allows optimal performance in production environments was not found on the java.library.path: [C:\Java\jdk1.8.0_131\bin;C:\WINDOWS\Sun\Java\bin;C:\WINDOWS\system32;C:\WINDOWS;F:\app\Thornhill\product\11.2.0\dbhome_1\bin;C:\Java\jdk1.8.0_131\bin;C:\Java\jdk1.8.0_131\jre\bin;C:\ProgramData\Oracle\Java\javapath;D:\app\Thornhill\product\11.2.0\dbhome_1\bin;C:\WINDOWS\system32;C:\WINDOWS;C:\WINDOWS\System32\Wbem;C:\WINDOWS\System32\WindowsPowerShell\v1.0\;C:\Program Files\Microsoft SQL Server\130\Tools\Binn\;C:\Program Files (x86)\Microsoft SQL Server\100\Tools\Binn\;C:\Program Files\Microsoft SQL Server\100\Tools\Binn\;C:\Program Files\Microsoft SQL Server\100\DTS\Binn\;D:\phantomjs\bin;C:\Program Files (x86)\Tesseract-OCR;D:\redis3.2;E:\east_good\apache-maven-3.1.0\bin;D:\Program Files\Git\cmd;C:\Program Files\dotnet\;C:\Python27\Scripts\;C:\Python27;C:\Users\Thornhill\AppData\Local\Microsoft\WindowsApps;C:\Users\Thornhill\AppData\Local\Programs\Fiddler;C:\Users\Thornhill\AppData\Local\Microsoft\WindowsApps;C:\Users\Thornhill\AppData\Local\GitHubDesktop\bin;.]
16-Apr-2018 10:09:39.830 信息 [main] org.apache.coyote.AbstractProtocol.init Initializing ProtocolHandler ["http-nio-8080"]
16-Apr-2018 10:09:40.193 信息 [main] org.apache.tomcat.util.net.NioSelectorPool.getSharedSelector Using a shared selector for servlet write/read
16-Apr-2018 10:09:40.214 信息 [main] org.apache.coyote.AbstractProtocol.init Initializing ProtocolHandler ["ajp-nio-8009"]
16-Apr-2018 10:09:40.218 信息 [main] org.apache.tomcat.util.net.NioSelectorPool.getSharedSelector Using a shared selector for servlet write/read
16-Apr-2018 10:09:40.221 信息 [main] org.apache.catalina.startup.Catalina.load Initialization processed in 3257 ms
16-Apr-2018 10:09:40.321 信息 [main] org.apache.catalina.core.StandardService.startInternal Starting service [Catalina]
16-Apr-2018 10:09:40.322 信息 [main] org.apache.catalina.core.StandardEngine.startInternal Starting Servlet Engine: Apache Tomcat/8.5.30
16-Apr-2018 10:09:40.349 信息 [localhost-startStop-1] org.apache.catalina.startup.HostConfig.deployDirectory Deploying web application directory [E:\east_good\apache-tomcat-8.5.30-solr\webapps\docs]
16-Apr-2018 10:09:42.128 信息 [localhost-startStop-1] org.apache.catalina.startup.HostConfig.deployDirectory Deployment of web application directory [E:\east_good\apache-tomcat-8.5.30-solr\webapps\docs] has finished in [1,749] ms
16-Apr-2018 10:09:42.129 信息 [localhost-startStop-1] org.apache.catalina.startup.HostConfig.deployDirectory Deploying web application directory [E:\east_good\apache-tomcat-8.5.30-solr\webapps\examples]
16-Apr-2018 10:09:44.782 信息 [localhost-startStop-1] org.apache.catalina.startup.HostConfig.deployDirectory Deployment of web application directory [E:\east_good\apache-tomcat-8.5.30-solr\webapps\examples] has finished in [2,653] ms
16-Apr-2018 10:09:44.783 信息 [localhost-startStop-1] org.apache.catalina.startup.HostConfig.deployDirectory Deploying web application directory [E:\east_good\apache-tomcat-8.5.30-solr\webapps\host-manager]
16-Apr-2018 10:09:44.858 信息 [localhost-startStop-1] org.apache.catalina.startup.HostConfig.deployDirectory Deployment of web application directory [E:\east_good\apache-tomcat-8.5.30-solr\webapps\host-manager] has finished in [75] ms
16-Apr-2018 10:09:44.859 信息 [localhost-startStop-1] org.apache.catalina.startup.HostConfig.deployDirectory Deploying web application directory [E:\east_good\apache-tomcat-8.5.30-solr\webapps\manager]
16-Apr-2018 10:09:44.920 信息 [localhost-startStop-1] org.apache.catalina.startup.HostConfig.deployDirectory Deployment of web application directory [E:\east_good\apache-tomcat-8.5.30-solr\webapps\manager] has finished in [60] ms
16-Apr-2018 10:09:44.920 信息 [localhost-startStop-1] org.apache.catalina.startup.HostConfig.deployDirectory Deploying web application directory [E:\east_good\apache-tomcat-8.5.30-solr\webapps\ROOT]
16-Apr-2018 10:09:44.956 信息 [localhost-startStop-1] org.apache.catalina.startup.HostConfig.deployDirectory Deployment of web application directory [E:\east_good\apache-tomcat-8.5.30-solr\webapps\ROOT] has finished in [36] ms
16-Apr-2018 10:09:44.956 信息 [localhost-startStop-1] org.apache.catalina.startup.HostConfig.deployDirectory Deploying web application directory [E:\east_good\apache-tomcat-8.5.30-solr\webapps\solr]
16-Apr-2018 10:10:02.486 信息 [localhost-startStop-1] org.apache.jasper.servlet.TldScanner.scanJars At least one JAR was scanned for TLDs yet contained no TLDs. Enable debug logging for this logger for a complete list of JARs that were scanned but no TLDs were found in them. Skipping unneeded JARs during scanning can improve startup time and JSP compilation time.
16-Apr-2018 10:10:08.033 信息 [localhost-startStop-1] org.apache.catalina.startup.HostConfig.deployDirectory Deployment of web application directory [E:\east_good\apache-tomcat-8.5.30-solr\webapps\solr] has finished in [23,077] ms
16-Apr-2018 10:10:08.041 信息 [main] org.apache.coyote.AbstractProtocol.start Starting ProtocolHandler ["http-nio-8080"]
16-Apr-2018 10:10:08.060 信息 [main] org.apache.coyote.AbstractProtocol.start Starting ProtocolHandler ["ajp-nio-8009"]
16-Apr-2018 10:10:08.069 信息 [main] org.apache.catalina.startup.Catalina.start Server startup in 27847 ms
16-Apr-2018 11:18:19.744 信息 [Thread-6] org.apache.coyote.AbstractProtocol.pause Pausing ProtocolHandler ["http-nio-8080"]
16-Apr-2018 11:18:19.811 信息 [Thread-6] org.apache.coyote.AbstractProtocol.pause Pausing ProtocolHandler ["ajp-nio-8009"]
16-Apr-2018 11:18:19.922 信息 [Thread-6] org.apache.catalina.core.StandardService.stopInternal Stopping service [Catalina]
16-Apr-2018 11:18:20.088 信息 [Thread-6] org.apache.coyote.AbstractProtocol.stop Stopping ProtocolHandler ["http-nio-8080"]
16-Apr-2018 11:18:20.096 信息 [Thread-6] org.apache.coyote.AbstractProtocol.stop Stopping ProtocolHandler ["ajp-nio-8009"]
16-Apr-2018 11:18:20.101 信息 [Thread-6] org.apache.coyote.AbstractProtocol.destroy Destroying ProtocolHandler ["http-nio-8080"]
16-Apr-2018 11:18:20.103 信息 [Thread-6] org.apache.coyote.AbstractProtocol.destroy Destroying ProtocolHandler ["ajp-nio-8009"]
16-Apr-2018 18:37:59.025 信息 [main] org.apache.catalina.startup.VersionLoggerListener.log Server version:        Apache Tomcat/8.5.30
16-Apr-2018 18:37:59.030 信息 [main] org.apache.catalina.startup.VersionLoggerListener.log Server built:          Apr 3 2018 20:04:09 UTC
16-Apr-2018 18:37:59.088 信息 [main] org.apache.catalina.startup.VersionLoggerListener.log Server number:         8.5.30.0
16-Apr-2018 18:37:59.088 信息 [main] org.apache.catalina.startup.VersionLoggerListener.log OS Name:               Windows 10
16-Apr-2018 18:37:59.088 信息 [main] org.apache.catalina.startup.VersionLoggerListener.log OS Version:            10.0
16-Apr-2018 18:37:59.088 信息 [main] org.apache.catalina.startup.VersionLoggerListener.log Architecture:          amd64
16-Apr-2018 18:37:59.088 信息 [main] org.apache.catalina.startup.VersionLoggerListener.log Java Home:             C:\Java\jdk1.8.0_131\jre
16-Apr-2018 18:37:59.089 信息 [main] org.apache.catalina.startup.VersionLoggerListener.log JVM Version:           1.8.0_131-b11
16-Apr-2018 18:37:59.089 信息 [main] org.apache.catalina.startup.VersionLoggerListener.log JVM Vendor:            Oracle Corporation
16-Apr-2018 18:37:59.089 信息 [main] org.apache.catalina.startup.VersionLoggerListener.log CATALINA_BASE:         E:\east_good\apache-tomcat-8.5.30-solr
16-Apr-2018 18:37:59.090 信息 [main] org.apache.catalina.startup.VersionLoggerListener.log CATALINA_HOME:         E:\east_good\apache-tomcat-8.5.30-solr
16-Apr-2018 18:37:59.090 信息 [main] org.apache.catalina.startup.VersionLoggerListener.log Command line argument: -Djava.util.logging.config.file=E:\east_good\apache-tomcat-8.5.30-solr\conf\logging.properties
16-Apr-2018 18:37:59.090 信息 [main] org.apache.catalina.startup.VersionLoggerListener.log Command line argument: -Djava.util.logging.manager=org.apache.juli.ClassLoaderLogManager
16-Apr-2018 18:37:59.091 信息 [main] org.apache.catalina.startup.VersionLoggerListener.log Command line argument: -Djdk.tls.ephemeralDHKeySize=2048
16-Apr-2018 18:37:59.091 信息 [main] org.apache.catalina.startup.VersionLoggerListener.log Command line argument: -Djava.protocol.handler.pkgs=org.apache.catalina.webresources
16-Apr-2018 18:37:59.091 信息 [main] org.apache.catalina.startup.VersionLoggerListener.log Command line argument: -Dignore.endorsed.dirs=
16-Apr-2018 18:37:59.091 信息 [main] org.apache.catalina.startup.VersionLoggerListener.log Command line argument: -Dcatalina.base=E:\east_good\apache-tomcat-8.5.30-solr
16-Apr-2018 18:37:59.092 信息 [main] org.apache.catalina.startup.VersionLoggerListener.log Command line argument: -Dcatalina.home=E:\east_good\apache-tomcat-8.5.30-solr
16-Apr-2018 18:37:59.093 信息 [main] org.apache.catalina.startup.VersionLoggerListener.log Command line argument: -Djava.io.tmpdir=E:\east_good\apache-tomcat-8.5.30-solr\temp
16-Apr-2018 18:37:59.093 信息 [main] org.apache.catalina.core.AprLifecycleListener.lifecycleEvent The APR based Apache Tomcat Native library which allows optimal performance in production environments was not found on the java.library.path: [C:\Java\jdk1.8.0_131\bin;C:\WINDOWS\Sun\Java\bin;C:\WINDOWS\system32;C:\WINDOWS;F:\app\Thornhill\product\11.2.0\dbhome_1\bin;C:\Java\jdk1.8.0_131\bin;C:\Java\jdk1.8.0_131\jre\bin;C:\ProgramData\Oracle\Java\javapath;D:\app\Thornhill\product\11.2.0\dbhome_1\bin;C:\WINDOWS\system32;C:\WINDOWS;C:\WINDOWS\System32\Wbem;C:\WINDOWS\System32\WindowsPowerShell\v1.0\;C:\Program Files\Microsoft SQL Server\130\Tools\Binn\;C:\Program Files (x86)\Microsoft SQL Server\100\Tools\Binn\;C:\Program Files\Microsoft SQL Server\100\Tools\Binn\;C:\Program Files\Microsoft SQL Server\100\DTS\Binn\;D:\phantomjs\bin;C:\Program Files (x86)\Tesseract-OCR;D:\redis3.2;E:\east_good\apache-maven-3.1.0\bin;D:\Program Files\Git\cmd;C:\Program Files\dotnet\;C:\Python27\Scripts\;C:\Python27;C:\Users\Thornhill\AppData\Local\Microsoft\WindowsApps;C:\Users\Thornhill\AppData\Local\Programs\Fiddler;C:\Users\Thornhill\AppData\Local\Microsoft\WindowsApps;C:\Users\Thornhill\AppData\Local\GitHubDesktop\bin;.]
16-Apr-2018 18:37:59.316 信息 [main] org.apache.coyote.AbstractProtocol.init Initializing ProtocolHandler ["http-nio-8080"]
16-Apr-2018 18:37:59.533 信息 [main] org.apache.tomcat.util.net.NioSelectorPool.getSharedSelector Using a shared selector for servlet write/read
16-Apr-2018 18:37:59.548 信息 [main] org.apache.coyote.AbstractProtocol.init Initializing ProtocolHandler ["ajp-nio-8009"]
16-Apr-2018 18:37:59.558 信息 [main] org.apache.tomcat.util.net.NioSelectorPool.getSharedSelector Using a shared selector for servlet write/read
16-Apr-2018 18:37:59.559 信息 [main] org.apache.catalina.startup.Catalina.load Initialization processed in 1229 ms
16-Apr-2018 18:37:59.618 信息 [main] org.apache.catalina.core.StandardService.startInternal Starting service [Catalina]
16-Apr-2018 18:37:59.619 信息 [main] org.apache.catalina.core.StandardEngine.startInternal Starting Servlet Engine: Apache Tomcat/8.5.30
16-Apr-2018 18:37:59.637 信息 [localhost-startStop-1] org.apache.catalina.startup.HostConfig.deployDirectory Deploying web application directory [E:\east_good\apache-tomcat-8.5.30-solr\webapps\docs]
16-Apr-2018 18:38:00.252 信息 [localhost-startStop-1] org.apache.catalina.startup.HostConfig.deployDirectory Deployment of web application directory [E:\east_good\apache-tomcat-8.5.30-solr\webapps\docs] has finished in [614] ms
16-Apr-2018 18:38:00.254 信息 [localhost-startStop-1] org.apache.catalina.startup.HostConfig.deployDirectory Deploying web application directory [E:\east_good\apache-tomcat-8.5.30-solr\webapps\examples]
16-Apr-2018 18:38:00.953 信息 [localhost-startStop-1] org.apache.catalina.startup.HostConfig.deployDirectory Deployment of web application directory [E:\east_good\apache-tomcat-8.5.30-solr\webapps\examples] has finished in [699] ms
16-Apr-2018 18:38:00.953 信息 [localhost-startStop-1] org.apache.catalina.startup.HostConfig.deployDirectory Deploying web application directory [E:\east_good\apache-tomcat-8.5.30-solr\webapps\host-manager]
16-Apr-2018 18:38:01.005 信息 [localhost-startStop-1] org.apache.catalina.startup.HostConfig.deployDirectory Deployment of web application directory [E:\east_good\apache-tomcat-8.5.30-solr\webapps\host-manager] has finished in [52] ms
16-Apr-2018 18:38:01.006 信息 [localhost-startStop-1] org.apache.catalina.startup.HostConfig.deployDirectory Deploying web application directory [E:\east_good\apache-tomcat-8.5.30-solr\webapps\manager]
16-Apr-2018 18:38:01.077 信息 [localhost-startStop-1] org.apache.catalina.startup.HostConfig.deployDirectory Deployment of web application directory [E:\east_good\apache-tomcat-8.5.30-solr\webapps\manager] has finished in [72] ms
16-Apr-2018 18:38:01.078 信息 [localhost-startStop-1] org.apache.catalina.startup.HostConfig.deployDirectory Deploying web application directory [E:\east_good\apache-tomcat-8.5.30-solr\webapps\ROOT]
16-Apr-2018 18:38:01.119 信息 [localhost-startStop-1] org.apache.catalina.startup.HostConfig.deployDirectory Deployment of web application directory [E:\east_good\apache-tomcat-8.5.30-solr\webapps\ROOT] has finished in [41] ms
16-Apr-2018 18:38:01.119 信息 [localhost-startStop-1] org.apache.catalina.startup.HostConfig.deployDirectory Deploying web application directory [E:\east_good\apache-tomcat-8.5.30-solr\webapps\solr]
16-Apr-2018 18:38:07.273 信息 [localhost-startStop-1] org.apache.jasper.servlet.TldScanner.scanJars At least one JAR was scanned for TLDs yet contained no TLDs. Enable debug logging for this logger for a complete list of JARs that were scanned but no TLDs were found in them. Skipping unneeded JARs during scanning can improve startup time and JSP compilation time.
16-Apr-2018 18:38:11.393 信息 [localhost-startStop-1] org.apache.catalina.startup.HostConfig.deployDirectory Deployment of web application directory [E:\east_good\apache-tomcat-8.5.30-solr\webapps\solr] has finished in [10,274] ms
16-Apr-2018 18:38:11.401 信息 [main] org.apache.coyote.AbstractProtocol.start Starting ProtocolHandler ["http-nio-8080"]
16-Apr-2018 18:38:11.428 信息 [main] org.apache.coyote.AbstractProtocol.start Starting ProtocolHandler ["ajp-nio-8009"]
16-Apr-2018 18:38:11.438 信息 [main] org.apache.catalina.startup.Catalina.start Server startup in 11879 ms
16-Apr-2018 18:46:39.590 信息 [Thread-6] org.apache.coyote.AbstractProtocol.pause Pausing ProtocolHandler ["http-nio-8080"]
16-Apr-2018 18:46:39.664 信息 [Thread-6] org.apache.coyote.AbstractProtocol.pause Pausing ProtocolHandler ["ajp-nio-8009"]
16-Apr-2018 18:46:39.785 信息 [Thread-6] org.apache.catalina.core.StandardService.stopInternal Stopping service [Catalina]
16-Apr-2018 18:46:39.960 信息 [Thread-6] org.apache.coyote.AbstractProtocol.stop Stopping ProtocolHandler ["http-nio-8080"]
16-Apr-2018 18:46:39.968 信息 [Thread-6] org.apache.coyote.AbstractProtocol.stop Stopping ProtocolHandler ["ajp-nio-8009"]
16-Apr-2018 18:46:39.973 信息 [Thread-6] org.apache.coyote.AbstractProtocol.destroy Destroying ProtocolHandler ["http-nio-8080"]
16-Apr-2018 18:46:39.976 信息 [Thread-6] org.apache.coyote.AbstractProtocol.destroy Destroying ProtocolHandler ["ajp-nio-8009"]
16-Apr-2018 22:56:14.792 信息 [main] org.apache.catalina.startup.VersionLoggerListener.log Server version:        Apache Tomcat/8.5.30
16-Apr-2018 22:56:14.868 信息 [main] org.apache.catalina.startup.VersionLoggerListener.log Server built:          Apr 3 2018 20:04:09 UTC
16-Apr-2018 22:56:14.868 信息 [main] org.apache.catalina.startup.VersionLoggerListener.log Server number:         8.5.30.0
16-Apr-2018 22:56:14.868 信息 [main] org.apache.catalina.startup.VersionLoggerListener.log OS Name:               Windows 10
16-Apr-2018 22:56:14.868 信息 [main] org.apache.catalina.startup.VersionLoggerListener.log OS Version:            10.0
16-Apr-2018 22:56:14.868 信息 [main] org.apache.catalina.startup.VersionLoggerListener.log Architecture:          amd64
16-Apr-2018 22:56:14.869 信息 [main] org.apache.catalina.startup.VersionLoggerListener.log Java Home:             C:\Java\jdk1.8.0_131\jre
16-Apr-2018 22:56:14.869 信息 [main] org.apache.catalina.startup.VersionLoggerListener.log JVM Version:           1.8.0_131-b11
16-Apr-2018 22:56:14.869 信息 [main] org.apache.catalina.startup.VersionLoggerListener.log JVM Vendor:            Oracle Corporation
16-Apr-2018 22:56:14.869 信息 [main] org.apache.catalina.startup.VersionLoggerListener.log CATALINA_BASE:         E:\east_good\apache-tomcat-8.5.30-solr
16-Apr-2018 22:56:14.870 信息 [main] org.apache.catalina.startup.VersionLoggerListener.log CATALINA_HOME:         E:\east_good\apache-tomcat-8.5.30-solr
16-Apr-2018 22:56:14.870 信息 [main] org.apache.catalina.startup.VersionLoggerListener.log Command line argument: -Djava.util.logging.config.file=E:\east_good\apache-tomcat-8.5.30-solr\conf\logging.properties
16-Apr-2018 22:56:14.870 信息 [main] org.apache.catalina.startup.VersionLoggerListener.log Command line argument: -Djava.util.logging.manager=org.apache.juli.ClassLoaderLogManager
16-Apr-2018 22:56:14.871 信息 [main] org.apache.catalina.startup.VersionLoggerListener.log Command line argument: -Djdk.tls.ephemeralDHKeySize=2048
16-Apr-2018 22:56:14.871 信息 [main] org.apache.catalina.startup.VersionLoggerListener.log Command line argument: -Djava.protocol.handler.pkgs=org.apache.catalina.webresources
16-Apr-2018 22:56:14.871 信息 [main] org.apache.catalina.startup.VersionLoggerListener.log Command line argument: -Dignore.endorsed.dirs=
16-Apr-2018 22:56:14.871 信息 [main] org.apache.catalina.startup.VersionLoggerListener.log Command line argument: -Dcatalina.base=E:\east_good\apache-tomcat-8.5.30-solr
16-Apr-2018 22:56:14.873 信息 [main] org.apache.catalina.startup.VersionLoggerListener.log Command line argument: -Dcatalina.home=E:\east_good\apache-tomcat-8.5.30-solr
16-Apr-2018 22:56:14.873 信息 [main] org.apache.catalina.startup.VersionLoggerListener.log Command line argument: -Djava.io.tmpdir=E:\east_good\apache-tomcat-8.5.30-solr\temp
16-Apr-2018 22:56:14.874 信息 [main] org.apache.catalina.core.AprLifecycleListener.lifecycleEvent The APR based Apache Tomcat Native library which allows optimal performance in production environments was not found on the java.library.path: [C:\Java\jdk1.8.0_131\bin;C:\WINDOWS\Sun\Java\bin;C:\WINDOWS\system32;C:\WINDOWS;F:\app\Thornhill\product\11.2.0\dbhome_1\bin;C:\Java\jdk1.8.0_131\bin;C:\Java\jdk1.8.0_131\jre\bin;C:\ProgramData\Oracle\Java\javapath;D:\app\Thornhill\product\11.2.0\dbhome_1\bin;C:\WINDOWS\system32;C:\WINDOWS;C:\WINDOWS\System32\Wbem;C:\WINDOWS\System32\WindowsPowerShell\v1.0\;C:\Program Files\Microsoft SQL Server\130\Tools\Binn\;C:\Program Files (x86)\Microsoft SQL Server\100\Tools\Binn\;C:\Program Files\Microsoft SQL Server\100\Tools\Binn\;C:\Program Files\Microsoft SQL Server\100\DTS\Binn\;D:\phantomjs\bin;C:\Program Files (x86)\Tesseract-OCR;D:\redis3.2;E:\east_good\apache-maven-3.1.0\bin;D:\Program Files\Git\cmd;C:\Program Files\dotnet\;C:\Python27\Scripts\;C:\Python27;C:\Users\Thornhill\AppData\Local\Microsoft\WindowsApps;C:\Users\Thornhill\AppData\Local\Programs\Fiddler;C:\Users\Thornhill\AppData\Local\Microsoft\WindowsApps;C:\Users\Thornhill\AppData\Local\GitHubDesktop\bin;.]
16-Apr-2018 22:56:15.513 信息 [main] org.apache.coyote.AbstractProtocol.init Initializing ProtocolHandler ["http-nio-8080"]
16-Apr-2018 22:56:15.813 信息 [main] org.apache.tomcat.util.net.NioSelectorPool.getSharedSelector Using a shared selector for servlet write/read
16-Apr-2018 22:56:15.825 信息 [main] org.apache.coyote.AbstractProtocol.init Initializing ProtocolHandler ["ajp-nio-8009"]
16-Apr-2018 22:56:15.829 信息 [main] org.apache.tomcat.util.net.NioSelectorPool.getSharedSelector Using a shared selector for servlet write/read
16-Apr-2018 22:56:15.829 信息 [main] org.apache.catalina.startup.Catalina.load Initialization processed in 1752 ms
16-Apr-2018 22:56:15.880 信息 [main] org.apache.catalina.core.StandardService.startInternal Starting service [Catalina]
16-Apr-2018 22:56:15.881 信息 [main] org.apache.catalina.core.StandardEngine.startInternal Starting Servlet Engine: Apache Tomcat/8.5.30
16-Apr-2018 22:56:15.896 信息 [localhost-startStop-1] org.apache.catalina.startup.HostConfig.deployDirectory Deploying web application directory [E:\east_good\apache-tomcat-8.5.30-solr\webapps\docs]
16-Apr-2018 22:56:16.618 信息 [localhost-startStop-1] org.apache.catalina.startup.HostConfig.deployDirectory Deployment of web application directory [E:\east_good\apache-tomcat-8.5.30-solr\webapps\docs] has finished in [719] ms
16-Apr-2018 22:56:16.620 信息 [localhost-startStop-1] org.apache.catalina.startup.HostConfig.deployDirectory Deploying web application directory [E:\east_good\apache-tomcat-8.5.30-solr\webapps\examples]
16-Apr-2018 22:56:18.597 信息 [localhost-startStop-1] org.apache.catalina.startup.HostConfig.deployDirectory Deployment of web application directory [E:\east_good\apache-tomcat-8.5.30-solr\webapps\examples] has finished in [1,978] ms
16-Apr-2018 22:56:18.600 信息 [localhost-startStop-1] org.apache.catalina.startup.HostConfig.deployDirectory Deploying web application directory [E:\east_good\apache-tomcat-8.5.30-solr\webapps\host-manager]
16-Apr-2018 22:56:18.663 信息 [localhost-startStop-1] org.apache.catalina.startup.HostConfig.deployDirectory Deployment of web application directory [E:\east_good\apache-tomcat-8.5.30-solr\webapps\host-manager] has finished in [64] ms
16-Apr-2018 22:56:18.664 信息 [localhost-startStop-1] org.apache.catalina.startup.HostConfig.deployDirectory Deploying web application directory [E:\east_good\apache-tomcat-8.5.30-solr\webapps\manager]
16-Apr-2018 22:56:18.744 信息 [localhost-startStop-1] org.apache.catalina.startup.HostConfig.deployDirectory Deployment of web application directory [E:\east_good\apache-tomcat-8.5.30-solr\webapps\manager] has finished in [80] ms
16-Apr-2018 22:56:18.745 信息 [localhost-startStop-1] org.apache.catalina.startup.HostConfig.deployDirectory Deploying web application directory [E:\east_good\apache-tomcat-8.5.30-solr\webapps\ROOT]
16-Apr-2018 22:56:18.788 信息 [localhost-startStop-1] org.apache.catalina.startup.HostConfig.deployDirectory Deployment of web application directory [E:\east_good\apache-tomcat-8.5.30-solr\webapps\ROOT] has finished in [43] ms
16-Apr-2018 22:56:18.789 信息 [localhost-startStop-1] org.apache.catalina.startup.HostConfig.deployDirectory Deploying web application directory [E:\east_good\apache-tomcat-8.5.30-solr\webapps\solr]
16-Apr-2018 22:56:30.840 信息 [localhost-startStop-1] org.apache.jasper.servlet.TldScanner.scanJars At least one JAR was scanned for TLDs yet contained no TLDs. Enable debug logging for this logger for a complete list of JARs that were scanned but no TLDs were found in them. Skipping unneeded JARs during scanning can improve startup time and JSP compilation time.
16-Apr-2018 22:56:33.582 信息 [localhost-startStop-1] org.apache.catalina.startup.HostConfig.deployDirectory Deployment of web application directory [E:\east_good\apache-tomcat-8.5.30-solr\webapps\solr] has finished in [14,794] ms
16-Apr-2018 22:56:33.592 信息 [main] org.apache.coyote.AbstractProtocol.start Starting ProtocolHandler ["http-nio-8080"]
16-Apr-2018 22:56:33.614 信息 [main] org.apache.coyote.AbstractProtocol.start Starting ProtocolHandler ["ajp-nio-8009"]
16-Apr-2018 22:56:33.630 信息 [main] org.apache.catalina.startup.Catalina.start Server startup in 17800 ms
16-Apr-2018 22:57:27.524 信息 [Thread-6] org.apache.coyote.AbstractProtocol.pause Pausing ProtocolHandler ["http-nio-8080"]
16-Apr-2018 22:57:27.644 信息 [Thread-6] org.apache.coyote.AbstractProtocol.pause Pausing ProtocolHandler ["ajp-nio-8009"]
16-Apr-2018 22:57:27.762 信息 [Thread-6] org.apache.catalina.core.StandardService.stopInternal Stopping service [Catalina]
16-Apr-2018 22:57:27.929 警告 [localhost-startStop-2] org.apache.catalina.loader.WebappClassLoaderBase.clearReferencesJdbc The web application [solr] registered the JDBC driver [com.mysql.jdbc.Driver] but failed to unregister it when the web application was stopped. To prevent a memory leak, the JDBC Driver has been forcibly unregistered.
16-Apr-2018 22:57:27.931 警告 [localhost-startStop-2] org.apache.catalina.loader.WebappClassLoaderBase.clearReferencesThreads The web application [solr] appears to have started a thread named [Abandoned connection cleanup thread] but has failed to stop it. This is very likely to create a memory leak. Stack trace of thread:
 java.lang.Object.wait(Native Method)
 java.lang.ref.ReferenceQueue.remove(ReferenceQueue.java:143)
 com.mysql.jdbc.AbandonedConnectionCleanupThread.run(AbandonedConnectionCleanupThread.java:64)
 java.util.concurrent.ThreadPoolExecutor.runWorker(ThreadPoolExecutor.java:1142)
 java.util.concurrent.ThreadPoolExecutor$Worker.run(ThreadPoolExecutor.java:617)
 java.lang.Thread.run(Thread.java:748)
16-Apr-2018 22:57:27.953 信息 [Thread-6] org.apache.coyote.AbstractProtocol.stop Stopping ProtocolHandler ["http-nio-8080"]
16-Apr-2018 22:57:27.958 信息 [Thread-6] org.apache.coyote.AbstractProtocol.stop Stopping ProtocolHandler ["ajp-nio-8009"]
16-Apr-2018 22:57:27.964 信息 [Thread-6] org.apache.coyote.AbstractProtocol.destroy Destroying ProtocolHandler ["http-nio-8080"]
16-Apr-2018 22:57:27.969 信息 [Thread-6] org.apache.coyote.AbstractProtocol.destroy Destroying ProtocolHandler ["ajp-nio-8009"]
