26-Apr-2018 08:12:17.598 信息 [main] org.apache.catalina.startup.VersionLoggerListener.log Server version:        Apache Tomcat/8.5.30
26-Apr-2018 08:12:17.694 信息 [main] org.apache.catalina.startup.VersionLoggerListener.log Server built:          Apr 3 2018 20:04:09 UTC
26-Apr-2018 08:12:17.720 信息 [main] org.apache.catalina.startup.VersionLoggerListener.log Server number:         8.5.30.0
26-Apr-2018 08:12:17.720 信息 [main] org.apache.catalina.startup.VersionLoggerListener.log OS Name:               Windows 10
26-Apr-2018 08:12:17.720 信息 [main] org.apache.catalina.startup.VersionLoggerListener.log OS Version:            10.0
26-Apr-2018 08:12:17.721 信息 [main] org.apache.catalina.startup.VersionLoggerListener.log Architecture:          amd64
26-Apr-2018 08:12:17.721 信息 [main] org.apache.catalina.startup.VersionLoggerListener.log Java Home:             C:\Java\jdk1.8.0_131\jre
26-Apr-2018 08:12:17.721 信息 [main] org.apache.catalina.startup.VersionLoggerListener.log JVM Version:           1.8.0_131-b11
26-Apr-2018 08:12:17.722 信息 [main] org.apache.catalina.startup.VersionLoggerListener.log JVM Vendor:            Oracle Corporation
26-Apr-2018 08:12:17.722 信息 [main] org.apache.catalina.startup.VersionLoggerListener.log CATALINA_BASE:         E:\east_good\fts\apache-tomcat-8.5.30-solr
26-Apr-2018 08:12:17.722 信息 [main] org.apache.catalina.startup.VersionLoggerListener.log CATALINA_HOME:         E:\east_good\fts\apache-tomcat-8.5.30-solr
26-Apr-2018 08:12:17.722 信息 [main] org.apache.catalina.startup.VersionLoggerListener.log Command line argument: -Djava.util.logging.config.file=E:\east_good\fts\apache-tomcat-8.5.30-solr\conf\logging.properties
26-Apr-2018 08:12:17.723 信息 [main] org.apache.catalina.startup.VersionLoggerListener.log Command line argument: -Djava.util.logging.manager=org.apache.juli.ClassLoaderLogManager
26-Apr-2018 08:12:17.723 信息 [main] org.apache.catalina.startup.VersionLoggerListener.log Command line argument: -Djdk.tls.ephemeralDHKeySize=2048
26-Apr-2018 08:12:17.723 信息 [main] org.apache.catalina.startup.VersionLoggerListener.log Command line argument: -Djava.protocol.handler.pkgs=org.apache.catalina.webresources
26-Apr-2018 08:12:17.723 信息 [main] org.apache.catalina.startup.VersionLoggerListener.log Command line argument: -Dignore.endorsed.dirs=
26-Apr-2018 08:12:17.723 信息 [main] org.apache.catalina.startup.VersionLoggerListener.log Command line argument: -Dcatalina.base=E:\east_good\fts\apache-tomcat-8.5.30-solr
26-Apr-2018 08:12:17.724 信息 [main] org.apache.catalina.startup.VersionLoggerListener.log Command line argument: -Dcatalina.home=E:\east_good\fts\apache-tomcat-8.5.30-solr
26-Apr-2018 08:12:17.725 信息 [main] org.apache.catalina.startup.VersionLoggerListener.log Command line argument: -Djava.io.tmpdir=E:\east_good\fts\apache-tomcat-8.5.30-solr\temp
26-Apr-2018 08:12:17.725 信息 [main] org.apache.catalina.core.AprLifecycleListener.lifecycleEvent The APR based Apache Tomcat Native library which allows optimal performance in production environments was not found on the java.library.path: [C:\Java\jdk1.8.0_131\bin;C:\WINDOWS\Sun\Java\bin;C:\WINDOWS\system32;C:\WINDOWS;F:\app\Thornhill\product\11.2.0\dbhome_1\bin;C:\Java\jdk1.8.0_131\bin;C:\Java\jdk1.8.0_131\jre\bin;C:\ProgramData\Oracle\Java\javapath;D:\app\Thornhill\product\11.2.0\dbhome_1\bin;C:\WINDOWS\system32;C:\WINDOWS;C:\WINDOWS\System32\Wbem;C:\WINDOWS\System32\WindowsPowerShell\v1.0\;C:\Program Files\Microsoft SQL Server\130\Tools\Binn\;C:\Program Files (x86)\Microsoft SQL Server\100\Tools\Binn\;C:\Program Files\Microsoft SQL Server\100\Tools\Binn\;C:\Program Files\Microsoft SQL Server\100\DTS\Binn\;D:\phantomjs\bin;C:\Program Files (x86)\Tesseract-OCR;D:\redis3.2;E:\east_good\apache-maven-3.1.0\bin;D:\Program Files\Git\cmd;C:\Program Files\dotnet\;c:\python27\Scripts;C:\Python27\Scripts\;C:\Python27;C:\Users\Thornhill\AppData\Local\Microsoft\WindowsApps;C:\Users\Thornhill\AppData\Local\Programs\Fiddler;C:\Users\Thornhill\AppData\Local\Microsoft\WindowsApps;C:\Users\Thornhill\AppData\Local\GitHubDesktop\bin;.]
26-Apr-2018 08:12:18.715 信息 [main] org.apache.coyote.AbstractProtocol.init Initializing ProtocolHandler ["http-nio-8080"]
26-Apr-2018 08:12:19.052 信息 [main] org.apache.tomcat.util.net.NioSelectorPool.getSharedSelector Using a shared selector for servlet write/read
26-Apr-2018 08:12:19.064 信息 [main] org.apache.coyote.AbstractProtocol.init Initializing ProtocolHandler ["ajp-nio-8009"]
26-Apr-2018 08:12:19.068 信息 [main] org.apache.tomcat.util.net.NioSelectorPool.getSharedSelector Using a shared selector for servlet write/read
26-Apr-2018 08:12:19.069 信息 [main] org.apache.catalina.startup.Catalina.load Initialization processed in 2347 ms
26-Apr-2018 08:12:19.138 信息 [main] org.apache.catalina.core.StandardService.startInternal Starting service [Catalina]
26-Apr-2018 08:12:19.139 信息 [main] org.apache.catalina.core.StandardEngine.startInternal Starting Servlet Engine: Apache Tomcat/8.5.30
26-Apr-2018 08:12:19.159 信息 [localhost-startStop-1] org.apache.catalina.startup.HostConfig.deployDirectory Deploying web application directory [E:\east_good\fts\apache-tomcat-8.5.30-solr\webapps\docs]
26-Apr-2018 08:12:19.745 信息 [localhost-startStop-1] org.apache.catalina.startup.HostConfig.deployDirectory Deployment of web application directory [E:\east_good\fts\apache-tomcat-8.5.30-solr\webapps\docs] has finished in [576] ms
26-Apr-2018 08:12:19.746 信息 [localhost-startStop-1] org.apache.catalina.startup.HostConfig.deployDirectory Deploying web application directory [E:\east_good\fts\apache-tomcat-8.5.30-solr\webapps\examples]
26-Apr-2018 08:12:20.917 信息 [localhost-startStop-1] org.apache.catalina.startup.HostConfig.deployDirectory Deployment of web application directory [E:\east_good\fts\apache-tomcat-8.5.30-solr\webapps\examples] has finished in [1,171] ms
26-Apr-2018 08:12:20.918 信息 [localhost-startStop-1] org.apache.catalina.startup.HostConfig.deployDirectory Deploying web application directory [E:\east_good\fts\apache-tomcat-8.5.30-solr\webapps\host-manager]
26-Apr-2018 08:12:20.956 信息 [localhost-startStop-1] org.apache.catalina.startup.HostConfig.deployDirectory Deployment of web application directory [E:\east_good\fts\apache-tomcat-8.5.30-solr\webapps\host-manager] has finished in [38] ms
26-Apr-2018 08:12:20.957 信息 [localhost-startStop-1] org.apache.catalina.startup.HostConfig.deployDirectory Deploying web application directory [E:\east_good\fts\apache-tomcat-8.5.30-solr\webapps\manager]
26-Apr-2018 08:12:20.997 信息 [localhost-startStop-1] org.apache.catalina.startup.HostConfig.deployDirectory Deployment of web application directory [E:\east_good\fts\apache-tomcat-8.5.30-solr\webapps\manager] has finished in [40] ms
26-Apr-2018 08:12:20.998 信息 [localhost-startStop-1] org.apache.catalina.startup.HostConfig.deployDirectory Deploying web application directory [E:\east_good\fts\apache-tomcat-8.5.30-solr\webapps\ROOT]
26-Apr-2018 08:12:21.023 信息 [localhost-startStop-1] org.apache.catalina.startup.HostConfig.deployDirectory Deployment of web application directory [E:\east_good\fts\apache-tomcat-8.5.30-solr\webapps\ROOT] has finished in [25] ms
26-Apr-2018 08:12:21.023 信息 [localhost-startStop-1] org.apache.catalina.startup.HostConfig.deployDirectory Deploying web application directory [E:\east_good\fts\apache-tomcat-8.5.30-solr\webapps\solr]
26-Apr-2018 08:12:28.773 信息 [localhost-startStop-1] org.apache.jasper.servlet.TldScanner.scanJars At least one JAR was scanned for TLDs yet contained no TLDs. Enable debug logging for this logger for a complete list of JARs that were scanned but no TLDs were found in them. Skipping unneeded JARs during scanning can improve startup time and JSP compilation time.
26-Apr-2018 08:12:29.632 信息 [localhost-startStop-1] org.apache.catalina.startup.HostConfig.deployDirectory Deployment of web application directory [E:\east_good\fts\apache-tomcat-8.5.30-solr\webapps\solr] has finished in [8,609] ms
26-Apr-2018 08:12:29.643 信息 [main] org.apache.coyote.AbstractProtocol.start Starting ProtocolHandler ["http-nio-8080"]
26-Apr-2018 08:12:29.665 信息 [main] org.apache.coyote.AbstractProtocol.start Starting ProtocolHandler ["ajp-nio-8009"]
26-Apr-2018 08:12:29.677 信息 [main] org.apache.catalina.startup.Catalina.start Server startup in 10608 ms
26-Apr-2018 08:14:00.673 信息 [Thread-5] org.apache.coyote.AbstractProtocol.pause Pausing ProtocolHandler ["http-nio-8080"]
26-Apr-2018 08:14:00.808 信息 [Thread-5] org.apache.coyote.AbstractProtocol.pause Pausing ProtocolHandler ["ajp-nio-8009"]
26-Apr-2018 08:14:00.912 信息 [Thread-5] org.apache.catalina.core.StandardService.stopInternal Stopping service [Catalina]
26-Apr-2018 08:14:00.987 信息 [Thread-5] org.apache.coyote.AbstractProtocol.stop Stopping ProtocolHandler ["http-nio-8080"]
26-Apr-2018 08:14:00.994 信息 [Thread-5] org.apache.coyote.AbstractProtocol.stop Stopping ProtocolHandler ["ajp-nio-8009"]
26-Apr-2018 08:14:00.998 信息 [Thread-5] org.apache.coyote.AbstractProtocol.destroy Destroying ProtocolHandler ["http-nio-8080"]
26-Apr-2018 08:14:01.000 信息 [Thread-5] org.apache.coyote.AbstractProtocol.destroy Destroying ProtocolHandler ["ajp-nio-8009"]
26-Apr-2018 08:14:28.257 信息 [main] org.apache.catalina.startup.VersionLoggerListener.log Server version:        Apache Tomcat/8.5.30
26-Apr-2018 08:14:28.262 信息 [main] org.apache.catalina.startup.VersionLoggerListener.log Server built:          Apr 3 2018 20:04:09 UTC
26-Apr-2018 08:14:28.262 信息 [main] org.apache.catalina.startup.VersionLoggerListener.log Server number:         8.5.30.0
26-Apr-2018 08:14:28.263 信息 [main] org.apache.catalina.startup.VersionLoggerListener.log OS Name:               Windows 10
26-Apr-2018 08:14:28.263 信息 [main] org.apache.catalina.startup.VersionLoggerListener.log OS Version:            10.0
26-Apr-2018 08:14:28.263 信息 [main] org.apache.catalina.startup.VersionLoggerListener.log Architecture:          amd64
26-Apr-2018 08:14:28.263 信息 [main] org.apache.catalina.startup.VersionLoggerListener.log Java Home:             C:\Java\jdk1.8.0_131\jre
26-Apr-2018 08:14:28.263 信息 [main] org.apache.catalina.startup.VersionLoggerListener.log JVM Version:           1.8.0_131-b11
26-Apr-2018 08:14:28.264 信息 [main] org.apache.catalina.startup.VersionLoggerListener.log JVM Vendor:            Oracle Corporation
26-Apr-2018 08:14:28.264 信息 [main] org.apache.catalina.startup.VersionLoggerListener.log CATALINA_BASE:         E:\east_good\fts\apache-tomcat-8.5.30-solr
26-Apr-2018 08:14:28.264 信息 [main] org.apache.catalina.startup.VersionLoggerListener.log CATALINA_HOME:         E:\east_good\fts\apache-tomcat-8.5.30-solr
26-Apr-2018 08:14:28.264 信息 [main] org.apache.catalina.startup.VersionLoggerListener.log Command line argument: -Djava.util.logging.config.file=E:\east_good\fts\apache-tomcat-8.5.30-solr\conf\logging.properties
26-Apr-2018 08:14:28.265 信息 [main] org.apache.catalina.startup.VersionLoggerListener.log Command line argument: -Djava.util.logging.manager=org.apache.juli.ClassLoaderLogManager
26-Apr-2018 08:14:28.265 信息 [main] org.apache.catalina.startup.VersionLoggerListener.log Command line argument: -Djdk.tls.ephemeralDHKeySize=2048
26-Apr-2018 08:14:28.265 信息 [main] org.apache.catalina.startup.VersionLoggerListener.log Command line argument: -Djava.protocol.handler.pkgs=org.apache.catalina.webresources
26-Apr-2018 08:14:28.265 信息 [main] org.apache.catalina.startup.VersionLoggerListener.log Command line argument: -Dignore.endorsed.dirs=
26-Apr-2018 08:14:28.266 信息 [main] org.apache.catalina.startup.VersionLoggerListener.log Command line argument: -Dcatalina.base=E:\east_good\fts\apache-tomcat-8.5.30-solr
26-Apr-2018 08:14:28.267 信息 [main] org.apache.catalina.startup.VersionLoggerListener.log Command line argument: -Dcatalina.home=E:\east_good\fts\apache-tomcat-8.5.30-solr
26-Apr-2018 08:14:28.267 信息 [main] org.apache.catalina.startup.VersionLoggerListener.log Command line argument: -Djava.io.tmpdir=E:\east_good\fts\apache-tomcat-8.5.30-solr\temp
26-Apr-2018 08:14:28.268 信息 [main] org.apache.catalina.core.AprLifecycleListener.lifecycleEvent The APR based Apache Tomcat Native library which allows optimal performance in production environments was not found on the java.library.path: [C:\Java\jdk1.8.0_131\bin;C:\WINDOWS\Sun\Java\bin;C:\WINDOWS\system32;C:\WINDOWS;F:\app\Thornhill\product\11.2.0\dbhome_1\bin;C:\Java\jdk1.8.0_131\bin;C:\Java\jdk1.8.0_131\jre\bin;C:\ProgramData\Oracle\Java\javapath;D:\app\Thornhill\product\11.2.0\dbhome_1\bin;C:\WINDOWS\system32;C:\WINDOWS;C:\WINDOWS\System32\Wbem;C:\WINDOWS\System32\WindowsPowerShell\v1.0\;C:\Program Files\Microsoft SQL Server\130\Tools\Binn\;C:\Program Files (x86)\Microsoft SQL Server\100\Tools\Binn\;C:\Program Files\Microsoft SQL Server\100\Tools\Binn\;C:\Program Files\Microsoft SQL Server\100\DTS\Binn\;D:\phantomjs\bin;C:\Program Files (x86)\Tesseract-OCR;D:\redis3.2;E:\east_good\apache-maven-3.1.0\bin;D:\Program Files\Git\cmd;C:\Program Files\dotnet\;c:\python27\Scripts;C:\Python27\Scripts\;C:\Python27;C:\Users\Thornhill\AppData\Local\Microsoft\WindowsApps;C:\Users\Thornhill\AppData\Local\Programs\Fiddler;C:\Users\Thornhill\AppData\Local\Microsoft\WindowsApps;C:\Users\Thornhill\AppData\Local\GitHubDesktop\bin;.]
26-Apr-2018 08:14:28.434 信息 [main] org.apache.coyote.AbstractProtocol.init Initializing ProtocolHandler ["http-nio-8080"]
26-Apr-2018 08:14:28.586 信息 [main] org.apache.tomcat.util.net.NioSelectorPool.getSharedSelector Using a shared selector for servlet write/read
26-Apr-2018 08:14:28.597 信息 [main] org.apache.coyote.AbstractProtocol.init Initializing ProtocolHandler ["ajp-nio-8009"]
26-Apr-2018 08:14:28.601 信息 [main] org.apache.tomcat.util.net.NioSelectorPool.getSharedSelector Using a shared selector for servlet write/read
26-Apr-2018 08:14:28.602 信息 [main] org.apache.catalina.startup.Catalina.load Initialization processed in 841 ms
26-Apr-2018 08:14:28.635 信息 [main] org.apache.catalina.core.StandardService.startInternal Starting service [Catalina]
26-Apr-2018 08:14:28.636 信息 [main] org.apache.catalina.core.StandardEngine.startInternal Starting Servlet Engine: Apache Tomcat/8.5.30
26-Apr-2018 08:14:28.647 信息 [localhost-startStop-1] org.apache.catalina.startup.HostConfig.deployDirectory Deploying web application directory [E:\east_good\fts\apache-tomcat-8.5.30-solr\webapps\docs]
26-Apr-2018 08:14:29.067 信息 [localhost-startStop-1] org.apache.catalina.startup.HostConfig.deployDirectory Deployment of web application directory [E:\east_good\fts\apache-tomcat-8.5.30-solr\webapps\docs] has finished in [420] ms
26-Apr-2018 08:14:29.069 信息 [localhost-startStop-1] org.apache.catalina.startup.HostConfig.deployDirectory Deploying web application directory [E:\east_good\fts\apache-tomcat-8.5.30-solr\webapps\examples]
26-Apr-2018 08:14:29.497 信息 [localhost-startStop-1] org.apache.catalina.startup.HostConfig.deployDirectory Deployment of web application directory [E:\east_good\fts\apache-tomcat-8.5.30-solr\webapps\examples] has finished in [428] ms
26-Apr-2018 08:14:29.497 信息 [localhost-startStop-1] org.apache.catalina.startup.HostConfig.deployDirectory Deploying web application directory [E:\east_good\fts\apache-tomcat-8.5.30-solr\webapps\host-manager]
26-Apr-2018 08:14:29.533 信息 [localhost-startStop-1] org.apache.catalina.startup.HostConfig.deployDirectory Deployment of web application directory [E:\east_good\fts\apache-tomcat-8.5.30-solr\webapps\host-manager] has finished in [36] ms
26-Apr-2018 08:14:29.533 信息 [localhost-startStop-1] org.apache.catalina.startup.HostConfig.deployDirectory Deploying web application directory [E:\east_good\fts\apache-tomcat-8.5.30-solr\webapps\manager]
26-Apr-2018 08:14:29.566 信息 [localhost-startStop-1] org.apache.catalina.startup.HostConfig.deployDirectory Deployment of web application directory [E:\east_good\fts\apache-tomcat-8.5.30-solr\webapps\manager] has finished in [32] ms
26-Apr-2018 08:14:29.566 信息 [localhost-startStop-1] org.apache.catalina.startup.HostConfig.deployDirectory Deploying web application directory [E:\east_good\fts\apache-tomcat-8.5.30-solr\webapps\ROOT]
26-Apr-2018 08:14:29.597 信息 [localhost-startStop-1] org.apache.catalina.startup.HostConfig.deployDirectory Deployment of web application directory [E:\east_good\fts\apache-tomcat-8.5.30-solr\webapps\ROOT] has finished in [30] ms
26-Apr-2018 08:14:29.597 信息 [localhost-startStop-1] org.apache.catalina.startup.HostConfig.deployDirectory Deploying web application directory [E:\east_good\fts\apache-tomcat-8.5.30-solr\webapps\solr]
26-Apr-2018 08:14:34.327 信息 [localhost-startStop-1] org.apache.jasper.servlet.TldScanner.scanJars At least one JAR was scanned for TLDs yet contained no TLDs. Enable debug logging for this logger for a complete list of JARs that were scanned but no TLDs were found in them. Skipping unneeded JARs during scanning can improve startup time and JSP compilation time.
26-Apr-2018 08:14:37.396 信息 [localhost-startStop-1] org.apache.catalina.startup.HostConfig.deployDirectory Deployment of web application directory [E:\east_good\fts\apache-tomcat-8.5.30-solr\webapps\solr] has finished in [7,799] ms
26-Apr-2018 08:14:37.404 信息 [main] org.apache.coyote.AbstractProtocol.start Starting ProtocolHandler ["http-nio-8080"]
26-Apr-2018 08:14:37.427 信息 [main] org.apache.coyote.AbstractProtocol.start Starting ProtocolHandler ["ajp-nio-8009"]
26-Apr-2018 08:14:37.448 信息 [main] org.apache.catalina.startup.Catalina.start Server startup in 8846 ms
26-Apr-2018 08:27:46.125 信息 [Thread-6] org.apache.coyote.AbstractProtocol.pause Pausing ProtocolHandler ["http-nio-8080"]
26-Apr-2018 08:27:46.229 信息 [Thread-6] org.apache.coyote.AbstractProtocol.pause Pausing ProtocolHandler ["ajp-nio-8009"]
26-Apr-2018 08:27:46.328 信息 [Thread-6] org.apache.catalina.core.StandardService.stopInternal Stopping service [Catalina]
26-Apr-2018 08:27:46.432 警告 [localhost-startStop-2] org.apache.catalina.loader.WebappClassLoaderBase.clearReferencesJdbc The web application [solr] registered the JDBC driver [com.mysql.jdbc.Driver] but failed to unregister it when the web application was stopped. To prevent a memory leak, the JDBC Driver has been forcibly unregistered.
26-Apr-2018 08:27:46.433 警告 [localhost-startStop-2] org.apache.catalina.loader.WebappClassLoaderBase.clearReferencesThreads The web application [solr] appears to have started a thread named [Abandoned connection cleanup thread] but has failed to stop it. This is very likely to create a memory leak. Stack trace of thread:
 java.lang.Object.wait(Native Method)
 java.lang.ref.ReferenceQueue.remove(ReferenceQueue.java:143)
 com.mysql.jdbc.AbandonedConnectionCleanupThread.run(AbandonedConnectionCleanupThread.java:64)
 java.util.concurrent.ThreadPoolExecutor.runWorker(ThreadPoolExecutor.java:1142)
 java.util.concurrent.ThreadPoolExecutor$Worker.run(ThreadPoolExecutor.java:617)
 java.lang.Thread.run(Thread.java:748)
26-Apr-2018 08:27:46.478 信息 [Thread-6] org.apache.coyote.AbstractProtocol.stop Stopping ProtocolHandler ["http-nio-8080"]
26-Apr-2018 08:27:46.483 信息 [Thread-6] org.apache.coyote.AbstractProtocol.stop Stopping ProtocolHandler ["ajp-nio-8009"]
26-Apr-2018 08:27:46.489 信息 [Thread-6] org.apache.coyote.AbstractProtocol.destroy Destroying ProtocolHandler ["http-nio-8080"]
26-Apr-2018 08:27:46.493 信息 [Thread-6] org.apache.coyote.AbstractProtocol.destroy Destroying ProtocolHandler ["ajp-nio-8009"]
